[2m3:45:26 PM[22m [31m[1m[vite][22m[39m [31mInternal server error: Failed to resolve import "../../styles/pages-responsive.css" from "src/app/pages/About.tsx". Does the file exist?[39m
  Plugin: [35mvite:import-analysis[39m
  File: [36mC:/Users/nandi/Desktop/Projects/Octaglobe-Website/src/app/pages/About.tsx[39m:11:7
[33m  26 |  import nibm2 from "../../imports/nibm event/FB_IMG_1781829391352.jpg";
  27 |  import founderImage from "../../imports/Lockup_1-1.png";
  28 |  import "../../styles/pages-responsive.css";
     |          ^
  29 |  const GALLERY = [
  30 |    galleryImg1,[39m
      at TransformPluginContext._formatLog (file:///C:/Users/nandi/Desktop/Projects/Octaglobe-Website/node_modules/vite/dist/node/chunks/dep-DBxKXgDP.js:42499:41)
      at TransformPluginContext.error (file:///C:/Users/nandi/Desktop/Projects/Octaglobe-Website/node_modules/vite/dist/node/chunks/dep-DBxKXgDP.js:42496:16)
      at normalizeUrl (file:///C:/Users/nandi/Desktop/Projects/Octaglobe-Website/node_modules/vite/dist/node/chunks/dep-DBxKXgDP.js:40475:23)
      at process.processTicksAndRejections (node:internal/process/task_queues:104:5)
      at async file:///C:/Users/nandi/Desktop/Projects/Octaglobe-Website/node_modules/vite/dist/node/chunks/dep-DBxKXgDP.js:40594:37
      at async Promise.all (index 13)
      at async TransformPluginContext.transform (file:///C:/Users/nandi/Desktop/Projects/Octaglobe-Website/node_modules/vite/dist/node/chunks/dep-DBxKXgDP.js:40521:7)
      at async EnvironmentPluginContainer.transform (file:///C:/Users/nandi/Desktop/Projects/Octaglobe-Website/node_modules/vite/dist/node/chunks/dep-DBxKXgDP.js:42294:18)
      at async loadAndTransform (file:///C:/Users/nandi/Desktop/Projects/Octaglobe-Website/node_modules/vite/dist/node/chunks/dep-DBxKXgDP.js:35735:27)
[2m3:45:26 PM[22m [31m[1m[vite][22m[39m [31mInternal server error: Failed to resolve import "../../styles/pages-responsive.css" from "src/app/pages/About.tsx". Does the file exist?[39m
  Plugin: [35mvite:import-analysis[39m
  File: [36mC:/Users/nandi/Desktop/Projects/Octaglobe-Website/src/app/pages/About.tsx[39m:11:7
[33m  26 |  import nibm2 from "../../imports/nibm event/FB_IMG_1781829391352.jpg";
  27 |  import founderImage from "../../imports/Lockup_1-1.png";
  28 |  import "../../styles/pages-responsive.css";
     |          ^
  29 |  const GALLERY = [
  30 |    galleryImg1,[39m
      at TransformPluginContext._formatLog (file:///C:/Users/nandi/Desktop/Projects/Octaglobe-Website/node_modules/vite/dist/node/chunks/dep-DBxKXgDP.js:42499:41)
      at TransformPluginContext.error (file:///C:/Users/nandi/Desktop/Projects/Octaglobe-Website/node_modules/vite/dist/node/chunks/dep-DBxKXgDP.js:42496:16)
      at normalizeUrl (file:///C:/Users/nandi/Desktop/Projects/Octaglobe-Website/node_modules/vite/dist/node/chunks/dep-DBxKXgDP.js:40475:23)
      at process.processTicksAndRejections (node:internal/process/task_queues:104:5)
      at async file:///C:/Users/nandi/Desktop/Projects/Octaglobe-Website/node_modules/vite/dist/node/chunks/dep-DBxKXgDP.js:40594:37
      at async Promise.all (index 13)
      at async TransformPluginContext.transform (file:///C:/Users/nandi/Desktop/Projects/Octaglobe-Website/node_modules/vite/dist/node/chunks/dep-DBxKXgDP.js:40521:7)
      at async EnvironmentPluginContainer.transform (file:///C:/Users/nandi/Desktop/Projects/Octaglobe-Website/node_modules/vite/dist/node/chunks/dep-DBxKXgDP.js:42294:18)
      at async loadAndTransform (file:///C:/Users/nandi/Desktop/Projects/Octaglobe-Website/node_modules/vite/dist/node/chunks/dep-DBxKXgDP.js:35735:27)
[2m3:45:43 PM[22m [31m[1m[vite][22m[39m [31mInternal server error: Failed to resolve import "./components/MobileNav" from "src/app/Root.tsx". Does the file exist?[39m
  Plugin: [35mvite:import-analysis[39m
  File: [36mC:/Users/nandi/Desktop/Projects/Octaglobe-Website/src/app/Root.tsx[39m:3:26
[33m  18 |  import { useEffect } from "react";
  19 |  import { Outlet, useLocation } from "react-router";
  20 |  import { MobileNav } from "./components/MobileNav";
     |                             ^
  21 |  import { Nav } from "./components/Nav";
  22 |  import { SideSections } from "./components/SideSections";[39m
      at TransformPluginContext._formatLog (file:///C:/Users/nandi/Desktop/Projects/Octaglobe-Website/node_modules/vite/dist/node/chunks/dep-DBxKXgDP.js:42499:41)
      at TransformPluginContext.error (file:///C:/Users/nandi/Desktop/Projects/Octaglobe-Website/node_modules/vite/dist/node/chunks/dep-DBxKXgDP.js:42496:16)
      at normalizeUrl (file:///C:/Users/nandi/Desktop/Projects/Octaglobe-Website/node_modules/vite/dist/node/chunks/dep-DBxKXgDP.js:40475:23)
      at process.processTicksAndRejections (node:internal/process/task_queues:104:5)
      at async file:///C:/Users/nandi/Desktop/Projects/Octaglobe-Website/node_modules/vite/dist/node/chunks/dep-DBxKXgDP.js:40594:37
      at async Promise.all (index 5)
      at async TransformPluginContext.transform (file:///C:/Users/nandi/Desktop/Projects/Octaglobe-Website/node_modules/vite/dist/node/chunks/dep-DBxKXgDP.js:40521:7)
      at async EnvironmentPluginContainer.transform (file:///C:/Users/nandi/Desktop/Projects/Octaglobe-Website/node_modules/vite/dist/node/chunks/dep-DBxKXgDP.js:42294:18)
      at async loadAndTransform (file:///C:/Users/nandi/Desktop/Projects/Octaglobe-Website/node_modules/vite/dist/node/chunks/dep-DBxKXgDP.js:35735:27)
[2m3:45:43 PM[22m [31m[1m[vite][22m[39m [31mInternal server error: Failed to resolve import "./components/MobileNav" from "src/app/Root.tsx". Does the file exist?[39m
  Plugin: [35mvite:import-analysis[39m
  File: [36mC:/Users/nandi/Desktop/Projects/Octaglobe-Website/src/app/Root.tsx[39m:3:26
[33m  18 |  import { useEffect } from "react";
  19 |  import { Outlet, useLocation } from "react-router";
  20 |  import { MobileNav } from "./components/MobileNav";
     |                             ^
  21 |  import { Nav } from "./components/Nav";
  22 |  import { SideSections } from "./components/SideSections";[39m
      at TransformPluginContext._formatLog (file:///C:/Users/nandi/Desktop/Projects/Octaglobe-Website/node_modules/vite/dist/node/chunks/dep-DBxKXgDP.js:42499:41)
      at TransformPluginContext.error (file:///C:/Users/nandi/Desktop/Projects/Octaglobe-Website/node_modules/vite/dist/node/chunks/dep-DBxKXgDP.js:42496:16)
      at normalizeUrl (file:///C:/Users/nandi/Desktop/Projects/Octaglobe-Website/node_modules/vite/dist/node/chunks/dep-DBxKXgDP.js:40475:23)
      at process.processTicksAndRejections (node:internal/process/task_queues:104:5)
      at async file:///C:/Users/nandi/Desktop/Projects/Octaglobe-Website/node_modules/vite/dist/node/chunks/dep-DBxKXgDP.js:40594:37
      at async Promise.all (index 5)
      at async TransformPluginContext.transform (file:///C:/Users/nandi/Desktop/Projects/Octaglobe-Website/node_modules/vite/dist/node/chunks/dep-DBxKXgDP.js:40521:7)
      at async EnvironmentPluginContainer.transform (file:///C:/Users/nandi/Desktop/Projects/Octaglobe-Website/node_modules/vite/dist/node/chunks/dep-DBxKXgDP.js:42294:18)
      at async loadAndTransform (file:///C:/Users/nandi/Desktop/Projects/Octaglobe-Website/node_modules/vite/dist/node/chunks/dep-DBxKXgDP.js:35735:27)
[2m3:45:45 PM[22m [31m[1m[vite][22m[39m [31m[2m(client)[22m[39m Pre-transform error: Failed to resolve import "../styles/shell-responsive.css" from "src/app/Root.tsx". Does the file exist?
  Plugin: [35mvite:import-analysis[39m
  File: [36mC:/Users/nandi/Desktop/Projects/Octaglobe-Website/src/app/Root.tsx[39m:7:7
[33m  22 |  import { SideSections } from "./components/SideSections";
  23 |  import { COLORS } from "./components/primitives";
  24 |  import "../styles/shell-responsive.css";
     |          ^
  25 |  export function Root() {
  26 |    _s();[39m
[2m3:45:45 PM[22m [31m[1m[vite][22m[39m [31m[2m(client)[22m[39m Pre-transform error: Failed to resolve import "../../styles/pages-responsive.css" from "src/app/pages/About.tsx". Does the file exist?
  Plugin: [35mvite:import-analysis[39m
  File: [36mC:/Users/nandi/Desktop/Projects/Octaglobe-Website/src/app/pages/About.tsx[39m:11:7
[33m  26 |  import nibm2 from "../../imports/nibm event/FB_IMG_1781829391352.jpg";
  27 |  import founderImage from "../../imports/Lockup_1-1.png";
  28 |  import "../../styles/pages-responsive.css";
     |          ^
  29 |  const GALLERY = [
  30 |    galleryImg1,[39m
[2m3:45:45 PM[22m [31m[1m[vite][22m[39m [31mInternal server error: Failed to resolve import "../styles/shell-responsive.css" from "src/app/Root.tsx". Does the file exist?[39m
  Plugin: [35mvite:import-analysis[39m
  File: [36mC:/Users/nandi/Desktop/Projects/Octaglobe-Website/src/app/Root.tsx[39m:7:7
[33m  22 |  import { SideSections } from "./components/SideSections";
  23 |  import { COLORS } from "./components/primitives";
  24 |  import "../styles/shell-responsive.css";
     |          ^
  25 |  export function Root() {
  26 |    _s();[39m
      at TransformPluginContext._formatLog (file:///C:/Users/nandi/Desktop/Projects/Octaglobe-Website/node_modules/vite/dist/node/chunks/dep-DBxKXgDP.js:42499:41)
      at TransformPluginContext.error (file:///C:/Users/nandi/Desktop/Projects/Octaglobe-Website/node_modules/vite/dist/node/chunks/dep-DBxKXgDP.js:42496:16)
      at normalizeUrl (file:///C:/Users/nandi/Desktop/Projects/Octaglobe-Website/node_modules/vite/dist/node/chunks/dep-DBxKXgDP.js:40475:23)
      at process.processTicksAndRejections (node:internal/process/task_queues:104:5)
      at async file:///C:/Users/nandi/Desktop/Projects/Octaglobe-Website/node_modules/vite/dist/node/chunks/dep-DBxKXgDP.js:40594:37
      at async Promise.all (index 9)
      at async TransformPluginContext.transform (file:///C:/Users/nandi/Desktop/Projects/Octaglobe-Website/node_modules/vite/dist/node/chunks/dep-DBxKXgDP.js:40521:7)
      at async EnvironmentPluginContainer.transform (file:///C:/Users/nandi/Desktop/Projects/Octaglobe-Website/node_modules/vite/dist/node/chunks/dep-DBxKXgDP.js:42294:18)
      at async loadAndTransform (file:///C:/Users/nandi/Desktop/Projects/Octaglobe-Website/node_modules/vite/dist/node/chunks/dep-DBxKXgDP.js:35735:27)
[2m3:45:45 PM[22m [31m[1m[vite][22m[39m [31mInternal server error: Failed to resolve import "../styles/shell-responsive.css" from "src/app/Root.tsx". Does the file exist?[39m
  Plugin: [35mvite:import-analysis[39m
  File: [36mC:/Users/nandi/Desktop/Projects/Octaglobe-Website/src/app/Root.tsx[39m:7:7
[33m  22 |  import { SideSections } from "./components/SideSections";
  23 |  import { COLORS } from "./components/primitives";
  24 |  import "../styles/shell-responsive.css";
     |          ^
  25 |  export function Root() {
  26 |    _s();[39m
      at TransformPluginContext._formatLog (file:///C:/Users/nandi/Desktop/Projects/Octaglobe-Website/node_modules/vite/dist/node/chunks/dep-DBxKXgDP.js:42499:41)
      at TransformPluginContext.error (file:///C:/Users/nandi/Desktop/Projects/Octaglobe-Website/node_modules/vite/dist/node/chunks/dep-DBxKXgDP.js:42496:16)
      at normalizeUrl (file:///C:/Users/nandi/Desktop/Projects/Octaglobe-Website/node_modules/vite/dist/node/chunks/dep-DBxKXgDP.js:40475:23)
      at process.processTicksAndRejections (node:internal/process/task_queues:104:5)
      at async file:///C:/Users/nandi/Desktop/Projects/Octaglobe-Website/node_modules/vite/dist/node/chunks/dep-DBxKXgDP.js:40594:37
      at async Promise.all (index 9)
      at async TransformPluginContext.transform (file:///C:/Users/nandi/Desktop/Projects/Octaglobe-Website/node_modules/vite/dist/node/chunks/dep-DBxKXgDP.js:40521:7)
      at async EnvironmentPluginContainer.transform (file:///C:/Users/nandi/Desktop/Projects/Octaglobe-Website/node_modules/vite/dist/node/chunks/dep-DBxKXgDP.js:42294:18)
      at async loadAndTransform (file:///C:/Users/nandi/Desktop/Projects/Octaglobe-Website/node_modules/vite/dist/node/chunks/dep-DBxKXgDP.js:35735:27)
[2m3:45:45 PM[22m [31m[1m[vite][22m[39m [31mInternal server error: Failed to resolve import "../../styles/pages-responsive.css" from "src/app/pages/About.tsx". Does the file exist?[39m
  Plugin: [35mvite:import-analysis[39m
  File: [36mC:/Users/nandi/Desktop/Projects/Octaglobe-Website/src/app/pages/About.tsx[39m:11:7
[33m  26 |  import nibm2 from "../../imports/nibm event/FB_IMG_1781829391352.jpg";
  27 |  import founderImage from "../../imports/Lockup_1-1.png";
  28 |  import "../../styles/pages-responsive.css";
     |          ^
  29 |  const GALLERY = [
  30 |    galleryImg1,[39m
      at TransformPluginContext._formatLog (file:///C:/Users/nandi/Desktop/Projects/Octaglobe-Website/node_modules/vite/dist/node/chunks/dep-DBxKXgDP.js:42499:41)
      at TransformPluginContext.error (file:///C:/Users/nandi/Desktop/Projects/Octaglobe-Website/node_modules/vite/dist/node/chunks/dep-DBxKXgDP.js:42496:16)
      at normalizeUrl (file:///C:/Users/nandi/Desktop/Projects/Octaglobe-Website/node_modules/vite/dist/node/chunks/dep-DBxKXgDP.js:40475:23)
      at process.processTicksAndRejections (node:internal/process/task_queues:104:5)
      at async file:///C:/Users/nandi/Desktop/Projects/Octaglobe-Website/node_modules/vite/dist/node/chunks/dep-DBxKXgDP.js:40594:37
      at async Promise.all (index 13)
      at async TransformPluginContext.transform (file:///C:/Users/nandi/Desktop/Projects/Octaglobe-Website/node_modules/vite/dist/node/chunks/dep-DBxKXgDP.js:40521:7)
      at async EnvironmentPluginContainer.transform (file:///C:/Users/nandi/Desktop/Projects/Octaglobe-Website/node_modules/vite/dist/node/chunks/dep-DBxKXgDP.js:42294:18)
      at async loadAndTransform (file:///C:/Users/nandi/Desktop/Projects/Octaglobe-Website/node_modules/vite/dist/node/chunks/dep-DBxKXgDP.js:35735:27)
[2m3:45:45 PM[22m [31m[1m[vite][22m[39m [31mInternal server error: Failed to resolve import "../../styles/pages-responsive.css" from "src/app/pages/About.tsx". Does the file exist?[39m
  Plugin: [35mvite:import-analysis[39m
  File: [36mC:/Users/nandi/Desktop/Projects/Octaglobe-Website/src/app/pages/About.tsx[39m:11:7
[33m  26 |  import nibm2 from "../../imports/nibm event/FB_IMG_1781829391352.jpg";
  27 |  import founderImage from "../../imports/Lockup_1-1.png";
  28 |  import "../../styles/pages-responsive.css";
     |          ^
  29 |  const GALLERY = [
  30 |    galleryImg1,[39m
      at TransformPluginContext._formatLog (file:///C:/Users/nandi/Desktop/Projects/Octaglobe-Website/node_modules/vite/dist/node/chunks/dep-DBxKXgDP.js:42499:41)
      at TransformPluginContext.error (file:///C:/Users/nandi/Desktop/Projects/Octaglobe-Website/node_modules/vite/dist/node/chunks/dep-DBxKXgDP.js:42496:16)
      at normalizeUrl (file:///C:/Users/nandi/Desktop/Projects/Octaglobe-Website/node_modules/vite/dist/node/chunks/dep-DBxKXgDP.js:40475:23)
      at process.processTicksAndRejections (node:internal/process/task_queues:104:5)
      at async file:///C:/Users/nandi/Desktop/Projects/Octaglobe-Website/node_modules/vite/dist/node/chunks/dep-DBxKXgDP.js:40594:37
      at async Promise.all (index 13)
      at async TransformPluginContext.transform (file:///C:/Users/nandi/Desktop/Projects/Octaglobe-Website/node_modules/vite/dist/node/chunks/dep-DBxKXgDP.js:40521:7)
      at async EnvironmentPluginContainer.transform (file:///C:/Users/nandi/Desktop/Projects/Octaglobe-Website/node_modules/vite/dist/node/chunks/dep-DBxKXgDP.js:42294:18)
      at async loadAndTransform (file:///C:/Users/nandi/Desktop/Projects/Octaglobe-Website/node_modules/vite/dist/node/chunks/dep-DBxKXgDP.js:35735:27)
[2m3:46:54 PM[22m [31m[1m[vite][22m[39m [31mInternal server error: Failed to resolve import "../../styles/home-responsive.css" from "src/app/pages/Home.tsx". Does the file exist?[39m
  Plugin: [35mvite:import-analysis[39m
  File: [36mC:/Users/nandi/Desktop/Projects/Octaglobe-Website/src/app/pages/Home.tsx[39m:8:7
[33m  22 |  import { Philosophy } from "../components/chapters/Philosophy";
  23 |  import { Connect } from "../components/chapters/Connect";
  24 |  import "../../styles/home-responsive.css";
     |          ^
  25 |  export function Home() {
  26 |    return /* @__PURE__ */ jsxDEV("main", { className: "home-page", children: [[39m
      at TransformPluginContext._formatLog (file:///C:/Users/nandi/Desktop/Projects/Octaglobe-Website/node_modules/vite/dist/node/chunks/dep-DBxKXgDP.js:42499:41)
      at TransformPluginContext.error (file:///C:/Users/nandi/Desktop/Projects/Octaglobe-Website/node_modules/vite/dist/node/chunks/dep-DBxKXgDP.js:42496:16)
      at normalizeUrl (file:///C:/Users/nandi/Desktop/Projects/Octaglobe-Website/node_modules/vite/dist/node/chunks/dep-DBxKXgDP.js:40475:23)
      at process.processTicksAndRejections (node:internal/process/task_queues:104:5)
      at async file:///C:/Users/nandi/Desktop/Projects/Octaglobe-Website/node_modules/vite/dist/node/chunks/dep-DBxKXgDP.js:40594:37
      at async Promise.all (index 10)
      at async TransformPluginContext.transform (file:///C:/Users/nandi/Desktop/Projects/Octaglobe-Website/node_modules/vite/dist/node/chunks/dep-DBxKXgDP.js:40521:7)
      at async EnvironmentPluginContainer.transform (file:///C:/Users/nandi/Desktop/Projects/Octaglobe-Website/node_modules/vite/dist/node/chunks/dep-DBxKXgDP.js:42294:18)
      at async loadAndTransform (file:///C:/Users/nandi/Desktop/Projects/Octaglobe-Website/node_modules/vite/dist/node/chunks/dep-DBxKXgDP.js:35735:27)
      at async viteTransformMiddleware (file:///C:/Users/nandi/Desktop/Projects/Octaglobe-Website/node_modules/vite/dist/node/chunks/dep-DBxKXgDP.js:37250:24)
[2m3:46:54 PM[22m [31m[1m[vite][22m[39m [31mInternal server error: Failed to resolve import "../../styles/home-responsive.css" from "src/app/pages/Home.tsx". Does the file exist?[39m
  Plugin: [35mvite:import-analysis[39m
  File: [36mC:/Users/nandi/Desktop/Projects/Octaglobe-Website/src/app/pages/Home.tsx[39m:8:7
[33m  22 |  import { Philosophy } from "../components/chapters/Philosophy";
  23 |  import { Connect } from "../components/chapters/Connect";
  24 |  import "../../styles/home-responsive.css";
     |          ^
  25 |  export function Home() {
  26 |    return /* @__PURE__ */ jsxDEV("main", { className: "home-page", children: [[39m
      at TransformPluginContext._formatLog (file:///C:/Users/nandi/Desktop/Projects/Octaglobe-Website/node_modules/vite/dist/node/chunks/dep-DBxKXgDP.js:42499:41)
      at TransformPluginContext.error (file:///C:/Users/nandi/Desktop/Projects/Octaglobe-Website/node_modules/vite/dist/node/chunks/dep-DBxKXgDP.js:42496:16)
      at normalizeUrl (file:///C:/Users/nandi/Desktop/Projects/Octaglobe-Website/node_modules/vite/dist/node/chunks/dep-DBxKXgDP.js:40475:23)
      at process.processTicksAndRejections (node:internal/process/task_queues:104:5)
      at async file:///C:/Users/nandi/Desktop/Projects/Octaglobe-Website/node_modules/vite/dist/node/chunks/dep-DBxKXgDP.js:40594:37
      at async Promise.all (index 10)
      at async TransformPluginContext.transform (file:///C:/Users/nandi/Desktop/Projects/Octaglobe-Website/node_modules/vite/dist/node/chunks/dep-DBxKXgDP.js:40521:7)
      at async EnvironmentPluginContainer.transform (file:///C:/Users/nandi/Desktop/Projects/Octaglobe-Website/node_modules/vite/dist/node/chunks/dep-DBxKXgDP.js:42294:18)
      at async loadAndTransform (file:///C:/Users/nandi/Desktop/Projects/Octaglobe-Website/node_modules/vite/dist/node/chunks/dep-DBxKXgDP.js:35735:27)
      at async viteTransformMiddleware (file:///C:/Users/nandi/Desktop/Projects/Octaglobe-Website/node_modules/vite/dist/node/chunks/dep-DBxKXgDP.js:37250:24)
[2m3:47:01 PM[22m [31m[1m[vite][22m[39m [31m[2m(client)[22m[39m Pre-transform error: Failed to resolve import "../../styles/home-responsive.css" from "src/app/pages/Home.tsx". Does the file exist?
  Plugin: [35mvite:import-analysis[39m
  File: [36mC:/Users/nandi/Desktop/Projects/Octaglobe-Website/src/app/pages/Home.tsx[39m:8:7
[33m  22 |  import { Philosophy } from "../components/chapters/Philosophy";
  23 |  import { Connect } from "../components/chapters/Connect";
  24 |  import "../../styles/home-responsive.css";
     |          ^
  25 |  export function Home() {
  26 |    return /* @__PURE__ */ jsxDEV("main", { className: "home-page", children: [[39m
[2m3:47:01 PM[22m [31m[1m[vite][22m[39m [31m[2m(client)[22m[39m Pre-transform error: Failed to resolve import "../../styles/pages-responsive.css" from "src/app/pages/About.tsx". Does the file exist?
  Plugin: [35mvite:import-analysis[39m
  File: [36mC:/Users/nandi/Desktop/Projects/Octaglobe-Website/src/app/pages/About.tsx[39m:11:7
[33m  26 |  import nibm2 from "../../imports/nibm event/FB_IMG_1781829391352.jpg";
  27 |  import founderImage from "../../imports/Lockup_1-1.png";
  28 |  import "../../styles/pages-responsive.css";
     |          ^
  29 |  const GALLERY = [
  30 |    galleryImg1,[39m
[2m3:47:01 PM[22m [31m[1m[vite][22m[39m [31mInternal server error: Failed to resolve import "../../styles/home-responsive.css" from "src/app/pages/Home.tsx". Does the file exist?[39m
  Plugin: [35mvite:import-analysis[39m
  File: [36mC:/Users/nandi/Desktop/Projects/Octaglobe-Website/src/app/pages/Home.tsx[39m:8:7
[33m  22 |  import { Philosophy } from "../components/chapters/Philosophy";
  23 |  import { Connect } from "../components/chapters/Connect";
  24 |  import "../../styles/home-responsive.css";
     |          ^
  25 |  export function Home() {
  26 |    return /* @__PURE__ */ jsxDEV("main", { className: "home-page", children: [[39m
      at TransformPluginContext._formatLog (file:///C:/Users/nandi/Desktop/Projects/Octaglobe-Website/node_modules/vite/dist/node/chunks/dep-DBxKXgDP.js:42499:41)
      at TransformPluginContext.error (file:///C:/Users/nandi/Desktop/Projects/Octaglobe-Website/node_modules/vite/dist/node/chunks/dep-DBxKXgDP.js:42496:16)
      at normalizeUrl (file:///C:/Users/nandi/Desktop/Projects/Octaglobe-Website/node_modules/vite/dist/node/chunks/dep-DBxKXgDP.js:40475:23)
      at process.processTicksAndRejections (node:internal/process/task_queues:104:5)
      at async file:///C:/Users/nandi/Desktop/Projects/Octaglobe-Website/node_modules/vite/dist/node/chunks/dep-DBxKXgDP.js:40594:37
      at async Promise.all (index 10)
      at async TransformPluginContext.transform (file:///C:/Users/nandi/Desktop/Projects/Octaglobe-Website/node_modules/vite/dist/node/chunks/dep-DBxKXgDP.js:40521:7)
      at async EnvironmentPluginContainer.transform (file:///C:/Users/nandi/Desktop/Projects/Octaglobe-Website/node_modules/vite/dist/node/chunks/dep-DBxKXgDP.js:42294:18)
      at async loadAndTransform (file:///C:/Users/nandi/Desktop/Projects/Octaglobe-Website/node_modules/vite/dist/node/chunks/dep-DBxKXgDP.js:35735:27)
[2m3:47:01 PM[22m [31m[1m[vite][22m[39m [31mInternal server error: Failed to resolve import "../../styles/home-responsive.css" from "src/app/pages/Home.tsx". Does the file exist?[39m
  Plugin: [35mvite:import-analysis[39m
  File: [36mC:/Users/nandi/Desktop/Projects/Octaglobe-Website/src/app/pages/Home.tsx[39m:8:7
[33m  22 |  import { Philosophy } from "../components/chapters/Philosophy";
  23 |  import { Connect } from "../components/chapters/Connect";
  24 |  import "../../styles/home-responsive.css";
     |          ^
  25 |  export function Home() {
  26 |    return /* @__PURE__ */ jsxDEV("main", { className: "home-page", children: [[39m
      at TransformPluginContext._formatLog (file:///C:/Users/nandi/Desktop/Projects/Octaglobe-Website/node_modules/vite/dist/node/chunks/dep-DBxKXgDP.js:42499:41)
      at TransformPluginContext.error (file:///C:/Users/nandi/Desktop/Projects/Octaglobe-Website/node_modules/vite/dist/node/chunks/dep-DBxKXgDP.js:42496:16)
      at normalizeUrl (file:///C:/Users/nandi/Desktop/Projects/Octaglobe-Website/node_modules/vite/dist/node/chunks/dep-DBxKXgDP.js:40475:23)
      at process.processTicksAndRejections (node:internal/process/task_queues:104:5)
      at async file:///C:/Users/nandi/Desktop/Projects/Octaglobe-Website/node_modules/vite/dist/node/chunks/dep-DBxKXgDP.js:40594:37
      at async Promise.all (index 10)
      at async TransformPluginContext.transform (file:///C:/Users/nandi/Desktop/Projects/Octaglobe-Website/node_modules/vite/dist/node/chunks/dep-DBxKXgDP.js:40521:7)
      at async EnvironmentPluginContainer.transform (file:///C:/Users/nandi/Desktop/Projects/Octaglobe-Website/node_modules/vite/dist/node/chunks/dep-DBxKXgDP.js:42294:18)
      at async loadAndTransform (file:///C:/Users/nandi/Desktop/Projects/Octaglobe-Website/node_modules/vite/dist/node/chunks/dep-DBxKXgDP.js:35735:27)
[2m3:47:01 PM[22m [31m[1m[vite][22m[39m [31mInternal server error: Failed to resolve import "../../styles/pages-responsive.css" from "src/app/pages/About.tsx". Does the file exist?[39m
  Plugin: [35mvite:import-analysis[39m
  File: [36mC:/Users/nandi/Desktop/Projects/Octaglobe-Website/src/app/pages/About.tsx[39m:11:7
[33m  26 |  import nibm2 from "../../imports/nibm event/FB_IMG_1781829391352.jpg";
  27 |  import founderImage from "../../imports/Lockup_1-1.png";
  28 |  import "../../styles/pages-responsive.css";
     |          ^
  29 |  const GALLERY = [
  30 |    galleryImg1,[39m
      at TransformPluginContext._formatLog (file:///C:/Users/nandi/Desktop/Projects/Octaglobe-Website/node_modules/vite/dist/node/chunks/dep-DBxKXgDP.js:42499:41)
      at TransformPluginContext.error (file:///C:/Users/nandi/Desktop/Projects/Octaglobe-Website/node_modules/vite/dist/node/chunks/dep-DBxKXgDP.js:42496:16)
      at normalizeUrl (file:///C:/Users/nandi/Desktop/Projects/Octaglobe-Website/node_modules/vite/dist/node/chunks/dep-DBxKXgDP.js:40475:23)
      at process.processTicksAndRejections (node:internal/process/task_queues:104:5)
      at async file:///C:/Users/nandi/Desktop/Projects/Octaglobe-Website/node_modules/vite/dist/node/chunks/dep-DBxKXgDP.js:40594:37
      at async Promise.all (index 13)
      at async TransformPluginContext.transform (file:///C:/Users/nandi/Desktop/Projects/Octaglobe-Website/node_modules/vite/dist/node/chunks/dep-DBxKXgDP.js:40521:7)
      at async EnvironmentPluginContainer.transform (file:///C:/Users/nandi/Desktop/Projects/Octaglobe-Website/node_modules/vite/dist/node/chunks/dep-DBxKXgDP.js:42294:18)
      at async loadAndTransform (file:///C:/Users/nandi/Desktop/Projects/Octaglobe-Website/node_modules/vite/dist/node/chunks/dep-DBxKXgDP.js:35735:27)
[2m3:47:01 PM[22m [31m[1m[vite][22m[39m [31mInternal server error: Failed to resolve import "../../styles/pages-responsive.css" from "src/app/pages/About.tsx". Does the file exist?[39m
  Plugin: [35mvite:import-analysis[39m
  File: [36mC:/Users/nandi/Desktop/Projects/Octaglobe-Website/src/app/pages/About.tsx[39m:11:7
[33m  26 |  import nibm2 from "../../imports/nibm event/FB_IMG_1781829391352.jpg";
  27 |  import founderImage from "../../imports/Lockup_1-1.png";
  28 |  import "../../styles/pages-responsive.css";
     |          ^
  29 |  const GALLERY = [
  30 |    galleryImg1,[39m
      at TransformPluginContext._formatLog (file:///C:/Users/nandi/Desktop/Projects/Octaglobe-Website/node_modules/vite/dist/node/chunks/dep-DBxKXgDP.js:42499:41)
      at TransformPluginContext.error (file:///C:/Users/nandi/Desktop/Projects/Octaglobe-Website/node_modules/vite/dist/node/chunks/dep-DBxKXgDP.js:42496:16)
      at normalizeUrl (file:///C:/Users/nandi/Desktop/Projects/Octaglobe-Website/node_modules/vite/dist/node/chunks/dep-DBxKXgDP.js:40475:23)
      at process.processTicksAndRejections (node:internal/process/task_queues:104:5)
      at async file:///C:/Users/nandi/Desktop/Projects/Octaglobe-Website/node_modules/vite/dist/node/chunks/dep-DBxKXgDP.js:40594:37
      at async Promise.all (index 13)
      at async TransformPluginContext.transform (file:///C:/Users/nandi/Desktop/Projects/Octaglobe-Website/node_modules/vite/dist/node/chunks/dep-DBxKXgDP.js:40521:7)
      at async EnvironmentPluginContainer.transform (file:///C:/Users/nandi/Desktop/Projects/Octaglobe-Website/node_modules/vite/dist/node/chunks/dep-DBxKXgDP.js:42294:18)
      at async loadAndTransform (file:///C:/Users/nandi/Desktop/Projects/Octaglobe-Website/node_modules/vite/dist/node/chunks/dep-DBxKXgDP.js:35735:27)
[2m3:48:00 PM[22m [31m[1m[vite][22m[39m [31m[2m(client)[22m[39m Pre-transform error: Failed to resolve import "../../styles/home-responsive.css" from "src/app/pages/Home.tsx". Does the file exist?
  Plugin: [35mvite:import-analysis[39m
  File: [36mC:/Users/nandi/Desktop/Projects/Octaglobe-Website/src/app/pages/Home.tsx[39m:8:7
[33m  22 |  import { Philosophy } from "../components/chapters/Philosophy";
  23 |  import { Connect } from "../components/chapters/Connect";
  24 |  import "../../styles/home-responsive.css";
     |          ^
  25 |  export function Home() {
  26 |    return /* @__PURE__ */ jsxDEV("main", { className: "home-page", children: [[39m
[2m3:48:00 PM[22m [31m[1m[vite][22m[39m [31mInternal server error: Failed to resolve import "../../styles/home-responsive.css" from "src/app/pages/Home.tsx". Does the file exist?[39m
  Plugin: [35mvite:import-analysis[39m
  File: [36mC:/Users/nandi/Desktop/Projects/Octaglobe-Website/src/app/pages/Home.tsx[39m:8:7
[33m  22 |  import { Philosophy } from "../components/chapters/Philosophy";
  23 |  import { Connect } from "../components/chapters/Connect";
  24 |  import "../../styles/home-responsive.css";
     |          ^
  25 |  export function Home() {
  26 |    return /* @__PURE__ */ jsxDEV("main", { className: "home-page", children: [[39m
      at TransformPluginContext._formatLog (file:///C:/Users/nandi/Desktop/Projects/Octaglobe-Website/node_modules/vite/dist/node/chunks/dep-DBxKXgDP.js:42499:41)
      at TransformPluginContext.error (file:///C:/Users/nandi/Desktop/Projects/Octaglobe-Website/node_modules/vite/dist/node/chunks/dep-DBxKXgDP.js:42496:16)
      at normalizeUrl (file:///C:/Users/nandi/Desktop/Projects/Octaglobe-Website/node_modules/vite/dist/node/chunks/dep-DBxKXgDP.js:40475:23)
      at process.processTicksAndRejections (node:internal/process/task_queues:104:5)
      at async file:///C:/Users/nandi/Desktop/Projects/Octaglobe-Website/node_modules/vite/dist/node/chunks/dep-DBxKXgDP.js:40594:37
      at async Promise.all (index 10)
      at async TransformPluginContext.transform (file:///C:/Users/nandi/Desktop/Projects/Octaglobe-Website/node_modules/vite/dist/node/chunks/dep-DBxKXgDP.js:40521:7)
      at async EnvironmentPluginContainer.transform (file:///C:/Users/nandi/Desktop/Projects/Octaglobe-Website/node_modules/vite/dist/node/chunks/dep-DBxKXgDP.js:42294:18)
      at async loadAndTransform (file:///C:/Users/nandi/Desktop/Projects/Octaglobe-Website/node_modules/vite/dist/node/chunks/dep-DBxKXgDP.js:35735:27)
[2m3:48:00 PM[22m [31m[1m[vite][22m[39m [31mInternal server error: Failed to resolve import "../../styles/home-responsive.css" from "src/app/pages/Home.tsx". Does the file exist?[39m
  Plugin: [35mvite:import-analysis[39m
  File: [36mC:/Users/nandi/Desktop/Projects/Octaglobe-Website/src/app/pages/Home.tsx[39m:8:7
[33m  22 |  import { Philosophy } from "../components/chapters/Philosophy";
  23 |  import { Connect } from "../components/chapters/Connect";
  24 |  import "../../styles/home-responsive.css";
     |          ^
  25 |  export function Home() {
  26 |    return /* @__PURE__ */ jsxDEV("main", { className: "home-page", children: [[39m
      at TransformPluginContext._formatLog (file:///C:/Users/nandi/Desktop/Projects/Octaglobe-Website/node_modules/vite/dist/node/chunks/dep-DBxKXgDP.js:42499:41)
      at TransformPluginContext.error (file:///C:/Users/nandi/Desktop/Projects/Octaglobe-Website/node_modules/vite/dist/node/chunks/dep-DBxKXgDP.js:42496:16)
      at normalizeUrl (file:///C:/Users/nandi/Desktop/Projects/Octaglobe-Website/node_modules/vite/dist/node/chunks/dep-DBxKXgDP.js:40475:23)
      at process.processTicksAndRejections (node:internal/process/task_queues:104:5)
      at async file:///C:/Users/nandi/Desktop/Projects/Octaglobe-Website/node_modules/vite/dist/node/chunks/dep-DBxKXgDP.js:40594:37
      at async Promise.all (index 10)
      at async TransformPluginContext.transform (file:///C:/Users/nandi/Desktop/Projects/Octaglobe-Website/node_modules/vite/dist/node/chunks/dep-DBxKXgDP.js:40521:7)
      at async EnvironmentPluginContainer.transform (file:///C:/Users/nandi/Desktop/Projects/Octaglobe-Website/node_modules/vite/dist/node/chunks/dep-DBxKXgDP.js:42294:18)
      at async loadAndTransform (file:///C:/Users/nandi/Desktop/Projects/Octaglobe-Website/node_modules/vite/dist/node/chunks/dep-DBxKXgDP.js:35735:27)
